<?xml version="1.0" encoding="UTF-8"?>
<!-- Generated by org.testng.reporters.JUnitReportReporter -->
<testsuite skipped="0" hostname="LAPTOP-EJC3T0RU" name="org.testnewgen.Sample" tests="2" failures="0" timestamp="21 Jan 2023 07:04:53 GMT" time="0.006" errors="0">
  <testcase name="searchHotel" time="0.000" classname="org.testnewgen.Sample"/>
  <testcase name="login" time="0.006" classname="org.testnewgen.Sample"/>
</testsuite> <!-- org.testnewgen.Sample -->
