<?xml version="1.0" encoding="UTF-8"?>
<!-- Generated by org.testng.reporters.JUnitReportReporter -->
<testsuite skipped="0" hostname="LAPTOP-EJC3T0RU" name="org.hotel.Testng" tests="3" failures="0" timestamp="21 Jan 2023 12:48:41 GMT" time="3.502" errors="0">
  <testcase name="login" time="1.036" classname="org.hotel.Testng"/>
  <testcase name="SearchHotels" time="1.844" classname="org.hotel.Testng"/>
  <testcase name="Shotel" time="0.622" classname="org.hotel.Testng"/>
</testsuite> <!-- org.hotel.Testng -->
